<?xml version="1.0" encoding="UTF-8"?>
<testsuite xmlns:xsi="http://www.w3.org/2001/XMLSchema-instance" xsi:noNamespaceSchemaLocation="https://maven.apache.org/surefire/maven-surefire-plugin/xsd/surefire-test-report-3.0.xsd" version="3.0" name="at.fhj.msd.CalculatorTest" time="0.078" tests="16" errors="0" skipped="0" failures="1">
  <properties>
    <property name="java.specification.version" value="23"/>
    <property name="sun.jnu.encoding" value="UTF-8"/>
    <property name="java.class.path" value="/Users/marioshenouda/Desktop/FH/2.Semester/Konfigraution Managment/msd24_shenouda_mario/target/test-classes:/Users/marioshenouda/Desktop/FH/2.Semester/Konfigraution Managment/msd24_shenouda_mario/target/classes:/Users/marioshenouda/.m2/repository/org/junit/jupiter/junit-jupiter-api/5.10.2/junit-jupiter-api-5.10.2.jar:/Users/marioshenouda/.m2/repository/org/opentest4j/opentest4j/1.3.0/opentest4j-1.3.0.jar:/Users/marioshenouda/.m2/repository/org/junit/platform/junit-platform-commons/1.10.2/junit-platform-commons-1.10.2.jar:/Users/marioshenouda/.m2/repository/org/apiguardian/apiguardian-api/1.1.2/apiguardian-api-1.1.2.jar:/Users/marioshenouda/.m2/repository/org/junit/jupiter/junit-jupiter-engine/5.10.2/junit-jupiter-engine-5.10.2.jar:/Users/marioshenouda/.m2/repository/org/junit/platform/junit-platform-engine/1.10.2/junit-platform-engine-1.10.2.jar:/Users/marioshenouda/.m2/repository/org/junit/jupiter/junit-jupiter-params/5.10.2/junit-jupiter-params-5.10.2.jar:"/>
    <property name="java.vm.vendor" value="Homebrew"/>
    <property name="sun.arch.data.model" value="64"/>
    <property name="java.vendor.url" value="https://github.com/Homebrew/homebrew-core/issues"/>
    <property name="os.name" value="Mac OS X"/>
    <property name="java.vm.specification.version" value="23"/>
    <property name="sun.java.launcher" value="SUN_STANDARD"/>
    <property name="user.country" value="AT"/>
    <property name="sun.boot.library.path" value="/usr/local/Cellar/openjdk/23.0.2/libexec/openjdk.jdk/Contents/Home/lib"/>
    <property name="sun.java.command" value="/Users/marioshenouda/Desktop/FH/2.Semester/Konfigraution Managment/msd24_shenouda_mario/target/surefire/surefirebooter-20250402163042338_3.jar /Users/marioshenouda/Desktop/FH/2.Semester/Konfigraution Managment/msd24_shenouda_mario/target/surefire 2025-04-02T16-30-42_256-jvmRun1 surefire-20250402163042338_1tmp surefire_0-20250402163042338_2tmp"/>
    <property name="http.nonProxyHosts" value="local|*.local|169.254/16|*.169.254/16"/>
    <property name="jdk.debug" value="release"/>
    <property name="surefire.test.class.path" value="/Users/marioshenouda/Desktop/FH/2.Semester/Konfigraution Managment/msd24_shenouda_mario/target/test-classes:/Users/marioshenouda/Desktop/FH/2.Semester/Konfigraution Managment/msd24_shenouda_mario/target/classes:/Users/marioshenouda/.m2/repository/org/junit/jupiter/junit-jupiter-api/5.10.2/junit-jupiter-api-5.10.2.jar:/Users/marioshenouda/.m2/repository/org/opentest4j/opentest4j/1.3.0/opentest4j-1.3.0.jar:/Users/marioshenouda/.m2/repository/org/junit/platform/junit-platform-commons/1.10.2/junit-platform-commons-1.10.2.jar:/Users/marioshenouda/.m2/repository/org/apiguardian/apiguardian-api/1.1.2/apiguardian-api-1.1.2.jar:/Users/marioshenouda/.m2/repository/org/junit/jupiter/junit-jupiter-engine/5.10.2/junit-jupiter-engine-5.10.2.jar:/Users/marioshenouda/.m2/repository/org/junit/platform/junit-platform-engine/1.10.2/junit-platform-engine-1.10.2.jar:/Users/marioshenouda/.m2/repository/org/junit/jupiter/junit-jupiter-params/5.10.2/junit-jupiter-params-5.10.2.jar:"/>
    <property name="sun.cpu.endian" value="little"/>
    <property name="user.home" value="/Users/marioshenouda"/>
    <property name="user.language" value="de"/>
    <property name="java.specification.vendor" value="Oracle Corporation"/>
    <property name="java.version.date" value="2025-01-21"/>
    <property name="java.home" value="/usr/local/Cellar/openjdk/23.0.2/libexec/openjdk.jdk/Contents/Home"/>
    <property name="file.separator" value="/"/>
    <property name="basedir" value="/Users/marioshenouda/Desktop/FH/2.Semester/Konfigraution Managment/msd24_shenouda_mario"/>
    <property name="java.vm.compressedOopsMode" value="Zero based"/>
    <property name="line.separator" value="&#10;"/>
    <property name="java.vm.specification.vendor" value="Oracle Corporation"/>
    <property name="java.specification.name" value="Java Platform API Specification"/>
    <property name="apple.awt.application.name" value="ForkedBooter"/>
    <property name="surefire.real.class.path" value="/Users/marioshenouda/Desktop/FH/2.Semester/Konfigraution Managment/msd24_shenouda_mario/target/surefire/surefirebooter-20250402163042338_3.jar"/>
    <property name="sun.management.compiler" value="HotSpot 64-Bit Tiered Compilers"/>
    <property name="ftp.nonProxyHosts" value="local|*.local|169.254/16|*.169.254/16"/>
    <property name="java.runtime.version" value="23.0.2"/>
    <property name="user.name" value="marioshenouda"/>
    <property name="stdout.encoding" value="UTF-8"/>
    <property name="path.separator" value=":"/>
    <property name="os.version" value="15.3.2"/>
    <property name="java.runtime.name" value="OpenJDK Runtime Environment"/>
    <property name="file.encoding" value="UTF-8"/>
    <property name="java.vm.name" value="OpenJDK 64-Bit Server VM"/>
    <property name="java.vendor.version" value="Homebrew"/>
    <property name="localRepository" value="/Users/marioshenouda/.m2/repository"/>
    <property name="java.vendor.url.bug" value="https://github.com/Homebrew/homebrew-core/issues"/>
    <property name="java.io.tmpdir" value="/var/folders/bx/3pnmlfws4s3_3crr07f_r9nr0000gn/T/"/>
    <property name="java.version" value="23.0.2"/>
    <property name="user.dir" value="/Users/marioshenouda/Desktop/FH/2.Semester/Konfigraution Managment/msd24_shenouda_mario"/>
    <property name="os.arch" value="x86_64"/>
    <property name="java.vm.specification.name" value="Java Virtual Machine Specification"/>
    <property name="native.encoding" value="UTF-8"/>
    <property name="java.library.path" value="/Users/marioshenouda/Library/Java/Extensions:/Library/Java/Extensions:/Network/Library/Java/Extensions:/System/Library/Java/Extensions:/usr/lib/java:."/>
    <property name="java.vm.info" value="mixed mode, sharing"/>
    <property name="stderr.encoding" value="UTF-8"/>
    <property name="java.vendor" value="Homebrew"/>
    <property name="java.vm.version" value="23.0.2"/>
    <property name="sun.io.unicode.encoding" value="UnicodeBig"/>
    <property name="socksNonProxyHosts" value="local|*.local|169.254/16|*.169.254/16"/>
    <property name="java.class.version" value="67.0"/>
  </properties>
  <testcase name="testFactorialZero" classname="at.fhj.msd.CalculatorTest" time="0.024"/>
  <testcase name="testDivideByZero" classname="at.fhj.msd.CalculatorTest" time="0.008"/>
  <testcase name="testMultiplyNormalValues" classname="at.fhj.msd.CalculatorTest" time="0.002"/>
  <testcase name="testDivideNormalValues" classname="at.fhj.msd.CalculatorTest" time="0.001"/>
  <testcase name="testFactorial" classname="at.fhj.msd.CalculatorTest" time="0.0"/>
  <testcase name="testMinusWithNegative" classname="at.fhj.msd.CalculatorTest" time="0.001"/>
  <testcase name="testMinusWithZero" classname="at.fhj.msd.CalculatorTest" time="0.001"/>
  <testcase name="testAddWithNegative" classname="at.fhj.msd.CalculatorTest" time="0.0"/>
  <testcase name="testFactorialPositive" classname="at.fhj.msd.CalculatorTest" time="0.001"/>
  <testcase name="testAddWithZero" classname="at.fhj.msd.CalculatorTest" time="0.001"/>
  <testcase name="testMinusNormalValues" classname="at.fhj.msd.CalculatorTest" time="0.001"/>
  <testcase name="testFactorialNegative" classname="at.fhj.msd.CalculatorTest" time="0.006">
    <failure message="Factorial of a negative number should be 0 ==&gt; expected: &lt;0&gt; but was: &lt;1&gt;" type="org.opentest4j.AssertionFailedError"><![CDATA[org.opentest4j.AssertionFailedError: Factorial of a negative number should be 0 ==> expected: <0> but was: <1>
	at org.junit.jupiter.api.AssertionFailureBuilder.build(AssertionFailureBuilder.java:151)
	at org.junit.jupiter.api.AssertionFailureBuilder.buildAndThrow(AssertionFailureBuilder.java:132)
	at org.junit.jupiter.api.AssertEquals.failNotEqual(AssertEquals.java:197)
	at org.junit.jupiter.api.AssertEquals.assertEquals(AssertEquals.java:150)
	at org.junit.jupiter.api.Assertions.assertEquals(Assertions.java:563)
	at at.fhj.msd.CalculatorTest.testFactorialNegative(CalculatorTest.java:124)
	at java.base/java.lang.reflect.Method.invoke(Method.java:580)
	at java.base/java.util.ArrayList.forEach(ArrayList.java:1597)
	at java.base/java.util.ArrayList.forEach(ArrayList.java:1597)
]]></failure>
  </testcase>
  <testcase name="testMultiplyWithNegative" classname="at.fhj.msd.CalculatorTest" time="0.0"/>
  <testcase name="testMultiplyWithZero" classname="at.fhj.msd.CalculatorTest" time="0.001"/>
  <testcase name="testDivideWithNegative" classname="at.fhj.msd.CalculatorTest" time="0.001"/>
  <testcase name="testAddNormalValues" classname="at.fhj.msd.CalculatorTest" time="0.001"/>
</testsuite>